[debug] [2025-10-25T01:45:00.929Z] ----------------------------------------------------------------------
[debug] [2025-10-25T01:45:00.931Z] Command:       C:\Program Files\nodejs\node.exe C:\Users\SENA 30\AppData\Local\npm-cache\_npx\7750544ccf494d8b\node_modules\firebase-tools\lib\bin\firebase.js init
[debug] [2025-10-25T01:45:00.931Z] CLI Version:   14.22.0
[debug] [2025-10-25T01:45:00.931Z] Platform:      win32
[debug] [2025-10-25T01:45:00.932Z] Node Version:  v22.16.0
[debug] [2025-10-25T01:45:00.932Z] Time:          Fri Oct 24 2025 20:45:00 GMT-0500 (hora estándar de Colombia)
[debug] [2025-10-25T01:45:00.932Z] ----------------------------------------------------------------------
[debug] 
[info] 
     ######## #### ########  ######## ########     ###     ######  ########
     ##        ##  ##     ## ##       ##     ##  ##   ##  ##       ##
     ######    ##  ########  ######   ########  #########  ######  ######
     ##        ##  ##    ##  ##       ##     ## ##     ##       ## ##
     ##       #### ##     ## ######## ########  ##     ##  ######  ########

You're about to initialize a Firebase project in this directory:

  C:\Users\SENA 30\Desktop\App-Daptable

Before we get started, keep in mind:

  * You are initializing within an existing Firebase project directory

[info] 
=== Project Setup
[info] 
[info] First, let's associate this project directory with a Firebase project.
[info] You can create multiple project aliases by running firebase use --add, 
[info] 
[debug] [2025-10-25T01:45:30.247Z] > command requires scopes: ["email","openid","https://www.googleapis.com/auth/cloudplatformprojects.readonly","https://www.googleapis.com/auth/firebase","https://www.googleapis.com/auth/cloud-platform"]
[debug] [2025-10-25T01:45:30.247Z] > authorizing via signed-in user (ing.rubencarrillo@gmail.com)
[debug] [2025-10-25T01:45:30.250Z] Checked if tokens are valid: true, expires at: 1761360266739
[debug] [2025-10-25T01:45:30.250Z] Checked if tokens are valid: true, expires at: 1761360266739
[debug] [2025-10-25T01:45:30.251Z] >>> [apiv2][query] GET https://firebase.googleapis.com/v1beta1/projects/projectandersonfvg [none]
[debug] [2025-10-25T01:45:33.244Z] <<< [apiv2][status] GET https://firebase.googleapis.com/v1beta1/projects/projectandersonfvg 403
[debug] [2025-10-25T01:45:33.244Z] <<< [apiv2][body] GET https://firebase.googleapis.com/v1beta1/projects/projectandersonfvg {"error":{"code":403,"message":"The caller does not have permission","status":"PERMISSION_DENIED"}}
[debug] [2025-10-25T01:45:33.245Z] Request to https://firebase.googleapis.com/v1beta1/projects/projectandersonfvg had HTTP Error: 403, The caller does not have permission
[debug] [2025-10-25T01:45:33.247Z] FirebaseError: Request to https://firebase.googleapis.com/v1beta1/projects/projectandersonfvg had HTTP Error: 403, The caller does not have permission
    at responseToError (C:\Users\SENA 30\AppData\Local\npm-cache\_npx\7750544ccf494d8b\node_modules\firebase-tools\lib\responseToError.js:53:12)
    at RetryOperation._fn (C:\Users\SENA 30\AppData\Local\npm-cache\_npx\7750544ccf494d8b\node_modules\firebase-tools\lib\apiv2.js:312:77)
    at process.processTicksAndRejections (node:internal/process/task_queues:105:5)
[error] 
[error] Error: Failed to get Firebase project projectandersonfvg. Please make sure the project exists and your account has permission to access it.
[debug] [2025-10-25T01:45:50.907Z] ----------------------------------------------------------------------
[debug] [2025-10-25T01:45:50.914Z] Command:       C:\Program Files\nodejs\node.exe C:\Users\SENA 30\AppData\Local\npm-cache\_npx\7750544ccf494d8b\node_modules\firebase-tools\lib\bin\firebase.js init
[debug] [2025-10-25T01:45:50.915Z] CLI Version:   14.22.0
[debug] [2025-10-25T01:45:50.915Z] Platform:      win32
[debug] [2025-10-25T01:45:50.915Z] Node Version:  v22.16.0
[debug] [2025-10-25T01:45:50.916Z] Time:          Fri Oct 24 2025 20:45:50 GMT-0500 (hora estándar de Colombia)
[debug] [2025-10-25T01:45:50.916Z] ----------------------------------------------------------------------
[debug] 
[info] 
     ######## #### ########  ######## ########     ###     ######  ########
     ##        ##  ##     ## ##       ##     ##  ##   ##  ##       ##
     ######    ##  ########  ######   ########  #########  ######  ######
     ##        ##  ##    ##  ##       ##     ## ##     ##       ## ##
     ##       #### ##     ## ######## ########  ##     ##  ######  ########

You're about to initialize a Firebase project in this directory:

  C:\Users\SENA 30\Desktop\App-Daptable

Before we get started, keep in mind:

  * You are initializing within an existing Firebase project directory

[info] 
=== Project Setup
[info] 
[info] First, let's associate this project directory with a Firebase project.
[info] You can create multiple project aliases by running firebase use --add, 
[info] 
[debug] [2025-10-25T01:45:58.530Z] > command requires scopes: ["email","openid","https://www.googleapis.com/auth/cloudplatformprojects.readonly","https://www.googleapis.com/auth/firebase","https://www.googleapis.com/auth/cloud-platform"]
[debug] [2025-10-25T01:45:58.531Z] > authorizing via signed-in user (ing.rubencarrillo@gmail.com)
[debug] [2025-10-25T01:45:58.533Z] Checked if tokens are valid: true, expires at: 1761360266739
[debug] [2025-10-25T01:45:58.533Z] Checked if tokens are valid: true, expires at: 1761360266739
[debug] [2025-10-25T01:45:58.535Z] >>> [apiv2][query] GET https://firebase.googleapis.com/v1beta1/projects/projectandersonfvg [none]
[debug] [2025-10-25T01:45:59.041Z] <<< [apiv2][status] GET https://firebase.googleapis.com/v1beta1/projects/projectandersonfvg 403
[debug] [2025-10-25T01:45:59.041Z] <<< [apiv2][body] GET https://firebase.googleapis.com/v1beta1/projects/projectandersonfvg {"error":{"code":403,"message":"The caller does not have permission","status":"PERMISSION_DENIED"}}
[debug] [2025-10-25T01:45:59.041Z] Request to https://firebase.googleapis.com/v1beta1/projects/projectandersonfvg had HTTP Error: 403, The caller does not have permission
[debug] [2025-10-25T01:45:59.043Z] FirebaseError: Request to https://firebase.googleapis.com/v1beta1/projects/projectandersonfvg had HTTP Error: 403, The caller does not have permission
    at responseToError (C:\Users\SENA 30\AppData\Local\npm-cache\_npx\7750544ccf494d8b\node_modules\firebase-tools\lib\responseToError.js:53:12)
    at RetryOperation._fn (C:\Users\SENA 30\AppData\Local\npm-cache\_npx\7750544ccf494d8b\node_modules\firebase-tools\lib\apiv2.js:312:77)
    at process.processTicksAndRejections (node:internal/process/task_queues:105:5)
[error] 
[error] Error: Failed to get Firebase project projectandersonfvg. Please make sure the project exists and your account has permission to access it.
[debug] [2025-10-25T01:49:06.999Z] ----------------------------------------------------------------------
[debug] [2025-10-25T01:49:07.001Z] Command:       C:\Program Files\nodejs\node.exe C:\Users\SENA 30\AppData\Local\npm-cache\_npx\7750544ccf494d8b\node_modules\firebase-tools\lib\bin\firebase.js init
[debug] [2025-10-25T01:49:07.002Z] CLI Version:   14.22.0
[debug] [2025-10-25T01:49:07.002Z] Platform:      win32
[debug] [2025-10-25T01:49:07.002Z] Node Version:  v22.16.0
[debug] [2025-10-25T01:49:07.003Z] Time:          Fri Oct 24 2025 20:49:07 GMT-0500 (hora estándar de Colombia)
[debug] [2025-10-25T01:49:07.003Z] ----------------------------------------------------------------------
[debug] 
[info] 
     ######## #### ########  ######## ########     ###     ######  ########
     ##        ##  ##     ## ##       ##     ##  ##   ##  ##       ##
     ######    ##  ########  ######   ########  #########  ######  ######
     ##        ##  ##    ##  ##       ##     ## ##     ##       ## ##
     ##       #### ##     ## ######## ########  ##     ##  ######  ########

You're about to initialize a Firebase project in this directory:

  C:\Users\SENA 30\Desktop\App-Daptable

Before we get started, keep in mind:

  * You are initializing within an existing Firebase project directory

[info] 
=== Project Setup
[info] 
[info] First, let's associate this project directory with a Firebase project.
[info] You can create multiple project aliases by running firebase use --add, 
[info] 
[debug] [2025-10-25T01:49:16.795Z] > command requires scopes: ["email","openid","https://www.googleapis.com/auth/cloudplatformprojects.readonly","https://www.googleapis.com/auth/firebase","https://www.googleapis.com/auth/cloud-platform"]
[debug] [2025-10-25T01:49:16.796Z] > authorizing via signed-in user (ing.rubencarrillo@gmail.com)
[debug] [2025-10-25T01:49:16.799Z] Checked if tokens are valid: true, expires at: 1761360266739
[debug] [2025-10-25T01:49:16.799Z] Checked if tokens are valid: true, expires at: 1761360266739
[debug] [2025-10-25T01:49:16.801Z] >>> [apiv2][query] GET https://firebase.googleapis.com/v1beta1/projects/projectandersonfvg [none]
[debug] [2025-10-25T01:49:18.143Z] <<< [apiv2][status] GET https://firebase.googleapis.com/v1beta1/projects/projectandersonfvg 403
[debug] [2025-10-25T01:49:18.143Z] <<< [apiv2][body] GET https://firebase.googleapis.com/v1beta1/projects/projectandersonfvg {"error":{"code":403,"message":"The caller does not have permission","status":"PERMISSION_DENIED"}}
[debug] [2025-10-25T01:49:18.144Z] Request to https://firebase.googleapis.com/v1beta1/projects/projectandersonfvg had HTTP Error: 403, The caller does not have permission
[debug] [2025-10-25T01:49:18.145Z] FirebaseError: Request to https://firebase.googleapis.com/v1beta1/projects/projectandersonfvg had HTTP Error: 403, The caller does not have permission
    at responseToError (C:\Users\SENA 30\AppData\Local\npm-cache\_npx\7750544ccf494d8b\node_modules\firebase-tools\lib\responseToError.js:53:12)
    at RetryOperation._fn (C:\Users\SENA 30\AppData\Local\npm-cache\_npx\7750544ccf494d8b\node_modules\firebase-tools\lib\apiv2.js:312:77)
    at process.processTicksAndRejections (node:internal/process/task_queues:105:5)
[error] 
[error] Error: Failed to get Firebase project projectandersonfvg. Please make sure the project exists and your account has permission to access it.
